[0.498s] Invoking command in '/home/artifex/ros2_hydrotest_sychev/py_pubsub': PYTHONPATH=/home/artifex/ros2_hydrotest_sychev/build/py_pubsub/prefix_override:/usr/lib/python3/dist-packages/colcon_core/task/python/colcon_distutils_commands:/home/artifex/ros2_hydrotest_sychev/install/py_pubsub/lib/python3.10/site-packages:${PYTHONPATH} /usr/bin/python3 -W ignore:setup.py install is deprecated setup.py egg_info --egg-base ../build/py_pubsub build --build-base /home/artifex/ros2_hydrotest_sychev/build/py_pubsub/build install --record /home/artifex/ros2_hydrotest_sychev/build/py_pubsub/install.log --single-version-externally-managed install_data
[0.684s] running egg_info
[0.685s] creating ../build/py_pubsub/py_pubsub.egg-info
[0.685s] writing ../build/py_pubsub/py_pubsub.egg-info/PKG-INFO
[0.685s] writing dependency_links to ../build/py_pubsub/py_pubsub.egg-info/dependency_links.txt
[0.685s] writing entry points to ../build/py_pubsub/py_pubsub.egg-info/entry_points.txt
[0.685s] writing requirements to ../build/py_pubsub/py_pubsub.egg-info/requires.txt
[0.685s] writing top-level names to ../build/py_pubsub/py_pubsub.egg-info/top_level.txt
[0.685s] writing manifest file '../build/py_pubsub/py_pubsub.egg-info/SOURCES.txt'
[0.687s] reading manifest file '../build/py_pubsub/py_pubsub.egg-info/SOURCES.txt'
[0.687s] adding license file 'LICENSE'
[0.687s] writing manifest file '../build/py_pubsub/py_pubsub.egg-info/SOURCES.txt'
[0.687s] running build
[0.687s] running build_py
[0.687s] creating /home/artifex/ros2_hydrotest_sychev/build/py_pubsub/build
[0.687s] creating /home/artifex/ros2_hydrotest_sychev/build/py_pubsub/build/lib
[0.687s] creating /home/artifex/ros2_hydrotest_sychev/build/py_pubsub/build/lib/py_pubsub
[0.687s] copying py_pubsub/__init__.py -> /home/artifex/ros2_hydrotest_sychev/build/py_pubsub/build/lib/py_pubsub
[0.688s] copying py_pubsub/subscriber_member_function.py -> /home/artifex/ros2_hydrotest_sychev/build/py_pubsub/build/lib/py_pubsub
[0.688s] copying py_pubsub/publisher_member_function.py -> /home/artifex/ros2_hydrotest_sychev/build/py_pubsub/build/lib/py_pubsub
[0.688s] running install
[0.688s] running install_lib
[0.688s] creating /home/artifex/ros2_hydrotest_sychev/install/py_pubsub/lib/python3.10/site-packages/py_pubsub
[0.689s] copying /home/artifex/ros2_hydrotest_sychev/build/py_pubsub/build/lib/py_pubsub/__init__.py -> /home/artifex/ros2_hydrotest_sychev/install/py_pubsub/lib/python3.10/site-packages/py_pubsub
[0.689s] copying /home/artifex/ros2_hydrotest_sychev/build/py_pubsub/build/lib/py_pubsub/subscriber_member_function.py -> /home/artifex/ros2_hydrotest_sychev/install/py_pubsub/lib/python3.10/site-packages/py_pubsub
[0.689s] copying /home/artifex/ros2_hydrotest_sychev/build/py_pubsub/build/lib/py_pubsub/publisher_member_function.py -> /home/artifex/ros2_hydrotest_sychev/install/py_pubsub/lib/python3.10/site-packages/py_pubsub
[0.689s] byte-compiling /home/artifex/ros2_hydrotest_sychev/install/py_pubsub/lib/python3.10/site-packages/py_pubsub/__init__.py to __init__.cpython-310.pyc
[0.689s] byte-compiling /home/artifex/ros2_hydrotest_sychev/install/py_pubsub/lib/python3.10/site-packages/py_pubsub/subscriber_member_function.py to subscriber_member_function.cpython-310.pyc
[0.690s] byte-compiling /home/artifex/ros2_hydrotest_sychev/install/py_pubsub/lib/python3.10/site-packages/py_pubsub/publisher_member_function.py to publisher_member_function.cpython-310.pyc
[0.690s] running install_data
[0.690s] creating /home/artifex/ros2_hydrotest_sychev/install/py_pubsub/share/ament_index
[0.690s] creating /home/artifex/ros2_hydrotest_sychev/install/py_pubsub/share/ament_index/resource_index
[0.690s] creating /home/artifex/ros2_hydrotest_sychev/install/py_pubsub/share/ament_index/resource_index/packages
[0.690s] copying resource/py_pubsub -> /home/artifex/ros2_hydrotest_sychev/install/py_pubsub/share/ament_index/resource_index/packages
[0.690s] copying package.xml -> /home/artifex/ros2_hydrotest_sychev/install/py_pubsub/share/py_pubsub
[0.690s] running install_egg_info
[0.691s] Copying ../build/py_pubsub/py_pubsub.egg-info to /home/artifex/ros2_hydrotest_sychev/install/py_pubsub/lib/python3.10/site-packages/py_pubsub-0.0.0-py3.10.egg-info
[0.692s] running install_scripts
[0.708s] Installing listener script to /home/artifex/ros2_hydrotest_sychev/install/py_pubsub/lib/py_pubsub
[0.708s] Installing talker script to /home/artifex/ros2_hydrotest_sychev/install/py_pubsub/lib/py_pubsub
[0.708s] writing list of installed files to '/home/artifex/ros2_hydrotest_sychev/build/py_pubsub/install.log'
[0.728s] Invoked command in '/home/artifex/ros2_hydrotest_sychev/py_pubsub' returned '0': PYTHONPATH=/home/artifex/ros2_hydrotest_sychev/build/py_pubsub/prefix_override:/usr/lib/python3/dist-packages/colcon_core/task/python/colcon_distutils_commands:/home/artifex/ros2_hydrotest_sychev/install/py_pubsub/lib/python3.10/site-packages:${PYTHONPATH} /usr/bin/python3 -W ignore:setup.py install is deprecated setup.py egg_info --egg-base ../build/py_pubsub build --build-base /home/artifex/ros2_hydrotest_sychev/build/py_pubsub/build install --record /home/artifex/ros2_hydrotest_sychev/build/py_pubsub/install.log --single-version-externally-managed install_data
